2025-09-19 18:10:27 - __main__ - INFO - main:83 - Fantasy Football Manager starting up
2025-09-19 18:10:27 - __main__ - INFO - main:134 - Executing command: list-teams
2025-09-19 18:10:27 - actions.list_teams - INFO - list_teams_command:38 - Starting list-teams command
2025-09-19 18:10:27 - actions.list_teams - INFO - list_teams_command:43 - Using input file: html_input/teams_table.html
2025-09-19 18:10:27 - actions.list_teams - INFO - display_teams_info:30 - Displaying 12 teams
2025-09-19 18:10:27 - actions.list_teams - INFO - list_teams_command:52 - list-teams command completed successfully
2025-09-19 18:10:27 - __main__ - INFO - main:139 - Command 'list-teams' completed successfully
2025-09-19 18:10:35 - __main__ - INFO - main:83 - Fantasy Football Manager starting up
2025-09-19 18:10:43 - __main__ - INFO - main:83 - Fantasy Football Manager starting up
2025-09-19 18:10:47 - __main__ - INFO - main:83 - Fantasy Football Manager starting up
2025-09-19 18:10:59 - __main__ - INFO - main:83 - Fantasy Football Manager starting up
2025-09-19 18:11:10 - __main__ - INFO - main:83 - Fantasy Football Manager starting up
2025-09-19 18:11:10 - __main__ - INFO - main:134 - Executing command: dump-teams
2025-09-19 18:11:10 - actions.dump_teams - INFO - dump_teams_command:90 - Starting dump-teams command
2025-09-19 18:11:10 - actions.dump_teams - INFO - dump_teams_command:99 - Processing team 8
2025-09-19 18:11:10 - actions.dump_teams - INFO - dump_single_team:69 - Dumping team ID: 8 from espn
2025-09-19 18:11:13 - actions.dump_teams - INFO - handle_team_export:57 - Exporting team 8 data to CSV
2025-09-19 18:11:13 - actions.dump_teams - INFO - handle_team_export:60 - Team data exported to: output/team_8_roster.csv
2025-09-19 18:11:13 - actions.dump_teams - INFO - dump_single_team:83 - Team 8 data extraction completed successfully
2025-09-19 18:11:13 - actions.dump_teams - INFO - dump_teams_command:108 - dump-teams command completed successfully
2025-09-19 18:11:13 - __main__ - INFO - main:139 - Command 'dump-teams' completed successfully
2025-09-19 18:13:06 - __main__ - INFO - main:83 - Fantasy Football Manager starting up
2025-09-20 08:28:42 - __main__ - INFO - main:83 - Fantasy Football Manager starting up
2025-09-20 08:28:44 - __main__ - INFO - main:83 - Fantasy Football Manager starting up
2025-09-20 08:28:44 - __main__ - INFO - main:134 - Executing command: list-teams
2025-09-20 08:28:44 - actions.list_teams - INFO - list_teams_command:38 - Starting list-teams command
2025-09-20 08:28:44 - actions.list_teams - INFO - list_teams_command:43 - Using input file: html_input/teams_table.html
2025-09-20 08:28:44 - actions.list_teams - INFO - display_teams_info:30 - Displaying 12 teams
2025-09-20 08:28:44 - actions.list_teams - INFO - list_teams_command:52 - list-teams command completed successfully
2025-09-20 08:28:44 - __main__ - INFO - main:139 - Command 'list-teams' completed successfully
2025-09-20 08:30:39 - __main__ - INFO - main:83 - Fantasy Football Manager starting up
2025-09-20 08:31:43 - fantasy_football_manager.app - INFO - main:83 - Fantasy Football Manager starting up
2025-09-20 08:31:45 - fantasy_football_manager.app - INFO - main:83 - Fantasy Football Manager starting up
2025-09-20 08:31:45 - fantasy_football_manager.app - INFO - main:134 - Executing command: list-teams
2025-09-20 08:31:45 - fantasy_football_manager.actions.list_teams - INFO - list_teams_command:38 - Starting list-teams command
2025-09-20 08:31:45 - fantasy_football_manager.actions.list_teams - INFO - list_teams_command:43 - Using input file: html_input/teams_table.html
2025-09-20 08:31:45 - fantasy_football_manager.actions.list_teams - INFO - display_teams_info:30 - Displaying 12 teams
2025-09-20 08:31:45 - fantasy_football_manager.actions.list_teams - INFO - list_teams_command:52 - list-teams command completed successfully
2025-09-20 08:31:45 - fantasy_football_manager.app - INFO - main:139 - Command 'list-teams' completed successfully
2025-09-20 08:31:59 - fantasy_football_manager.app - INFO - main:83 - Fantasy Football Manager starting up
2025-09-20 08:32:08 - fantasy_football_manager.app - INFO - main:83 - Fantasy Football Manager starting up
2025-09-20 08:32:08 - fantasy_football_manager.app - INFO - main:134 - Executing command: list-teams
2025-09-20 08:32:08 - fantasy_football_manager.actions.list_teams - INFO - list_teams_command:38 - Starting list-teams command
2025-09-20 08:32:08 - fantasy_football_manager.actions.list_teams - INFO - list_teams_command:43 - Using input file: html_input/teams_table.html
2025-09-20 08:32:08 - fantasy_football_manager.actions.list_teams - INFO - display_teams_info:30 - Displaying 12 teams
2025-09-20 08:32:08 - fantasy_football_manager.actions.list_teams - INFO - list_teams_command:52 - list-teams command completed successfully
2025-09-20 08:32:08 - fantasy_football_manager.app - INFO - main:139 - Command 'list-teams' completed successfully
2025-09-20 08:32:35 - fantasy_football_manager.app - INFO - main:83 - Fantasy Football Manager starting up
2025-09-20 08:32:35 - fantasy_football_manager.app - INFO - main:134 - Executing command: dump-teams
2025-09-20 08:32:35 - fantasy_football_manager.actions.dump_teams - INFO - dump_teams_command:95 - Starting dump-teams command
2025-09-20 08:32:35 - fantasy_football_manager.actions.dump_teams - INFO - dump_teams_command:126 - Processing team 8
2025-09-20 08:32:35 - fantasy_football_manager.actions.dump_teams - INFO - dump_single_team:74 - Dumping team ID: 8 from espn
2025-09-20 08:32:39 - fantasy_football_manager.actions.dump_teams - INFO - handle_team_export:62 - Exporting team 8 data to CSV
2025-09-20 08:32:39 - fantasy_football_manager.actions.dump_teams - INFO - handle_team_export:65 - Team data exported to: output/team_8_roster.csv
2025-09-20 08:32:39 - fantasy_football_manager.actions.dump_teams - INFO - dump_single_team:88 - Team 8 data extraction completed successfully
2025-09-20 08:32:39 - fantasy_football_manager.actions.dump_teams - INFO - dump_teams_command:135 - dump-teams command completed successfully
2025-09-20 08:32:39 - fantasy_football_manager.app - INFO - main:139 - Command 'dump-teams' completed successfully
2025-09-20 08:32:50 - fantasy_football_manager.app - INFO - main:83 - Fantasy Football Manager starting up
2025-09-20 09:12:08 - fantasy_football_manager.app - INFO - main:84 - Fantasy Football Manager starting up
2025-09-20 09:12:08 - fantasy_football_manager.app - INFO - main:138 - Executing command: list-free-agents
2025-09-20 09:12:12 - fantasy_football_manager.app - INFO - main:143 - Command 'list-free-agents' completed successfully
2025-09-20 09:12:22 - fantasy_football_manager.app - INFO - main:84 - Fantasy Football Manager starting up
2025-09-20 09:12:22 - fantasy_football_manager.app - INFO - main:138 - Executing command: list-free-agents
2025-09-20 09:12:26 - fantasy_football_manager.app - INFO - main:143 - Command 'list-free-agents' completed successfully
2025-09-20 09:12:31 - fantasy_football_manager.app - INFO - main:84 - Fantasy Football Manager starting up
2025-09-20 09:12:31 - fantasy_football_manager.app - INFO - main:138 - Executing command: list-free-agents
2025-09-20 09:12:35 - fantasy_football_manager.app - INFO - main:143 - Command 'list-free-agents' completed successfully
2025-09-20 09:12:38 - fantasy_football_manager.app - INFO - main:84 - Fantasy Football Manager starting up
2025-09-20 09:13:01 - fantasy_football_manager.app - INFO - main:84 - Fantasy Football Manager starting up
2025-09-20 09:13:04 - fantasy_football_manager.app - INFO - main:84 - Fantasy Football Manager starting up
2025-09-20 09:14:08 - fantasy_football_manager.app - INFO - main:84 - Fantasy Football Manager starting up
2025-09-20 09:14:08 - fantasy_football_manager.app - INFO - main:138 - Executing command: list-free-agents
2025-09-20 09:14:12 - fantasy_football_manager.app - INFO - main:143 - Command 'list-free-agents' completed successfully
2025-09-20 09:14:39 - fantasy_football_manager.app - INFO - main:84 - Fantasy Football Manager starting up
2025-09-20 09:14:53 - fantasy_football_manager.app - INFO - main:84 - Fantasy Football Manager starting up
2025-09-20 09:14:58 - fantasy_football_manager.app - INFO - main:84 - Fantasy Football Manager starting up
2025-09-20 09:14:58 - fantasy_football_manager.app - INFO - main:138 - Executing command: list-free-agents
2025-09-20 09:15:02 - fantasy_football_manager.app - INFO - main:143 - Command 'list-free-agents' completed successfully
2025-09-20 09:26:37 - fantasy_football_manager.app - INFO - main:84 - Fantasy Football Manager starting up
2025-09-20 09:26:49 - fantasy_football_manager.app - INFO - main:84 - Fantasy Football Manager starting up
2025-09-20 09:26:49 - fantasy_football_manager.app - INFO - main:138 - Executing command: list-free-agents
2025-09-20 09:26:54 - fantasy_football_manager.app - INFO - main:143 - Command 'list-free-agents' completed successfully
2025-09-20 09:32:53 - fantasy_football_manager.app - INFO - main:84 - Fantasy Football Manager starting up
2025-09-20 09:32:53 - fantasy_football_manager.app - INFO - main:138 - Executing command: list-free-agents
2025-09-20 09:32:58 - fantasy_football_manager.app - INFO - main:143 - Command 'list-free-agents' completed successfully
2025-09-20 09:33:27 - fantasy_football_manager.app - INFO - main:84 - Fantasy Football Manager starting up
2025-09-20 09:33:27 - fantasy_football_manager.app - INFO - main:138 - Executing command: list-free-agents
2025-09-20 09:33:32 - fantasy_football_manager.app - INFO - main:143 - Command 'list-free-agents' completed successfully
2025-09-20 09:33:37 - fantasy_football_manager.app - INFO - main:84 - Fantasy Football Manager starting up
2025-09-20 09:33:37 - fantasy_football_manager.app - INFO - main:138 - Executing command: list-free-agents
2025-09-20 09:33:41 - fantasy_football_manager.app - INFO - main:143 - Command 'list-free-agents' completed successfully
2025-09-20 09:33:44 - fantasy_football_manager.app - INFO - main:84 - Fantasy Football Manager starting up
2025-09-20 09:33:44 - fantasy_football_manager.app - INFO - main:138 - Executing command: list-free-agents
2025-09-20 09:33:49 - fantasy_football_manager.app - INFO - main:143 - Command 'list-free-agents' completed successfully
2025-09-20 09:46:43 - fantasy_football_manager.app - INFO - main:84 - Fantasy Football Manager starting up
2025-09-20 09:46:43 - fantasy_football_manager.app - INFO - main:138 - Executing command: list-free-agents
2025-09-20 09:46:48 - fantasy_football_manager.app - INFO - main:143 - Command 'list-free-agents' completed successfully
2025-09-20 09:46:58 - fantasy_football_manager.app - INFO - main:84 - Fantasy Football Manager starting up
2025-09-20 09:46:58 - fantasy_football_manager.app - INFO - main:138 - Executing command: list-free-agents
2025-09-20 09:47:03 - fantasy_football_manager.app - INFO - main:143 - Command 'list-free-agents' completed successfully
2025-09-20 09:47:09 - fantasy_football_manager.app - INFO - main:84 - Fantasy Football Manager starting up
2025-09-20 09:47:09 - fantasy_football_manager.app - INFO - main:138 - Executing command: list-free-agents
2025-09-20 09:47:13 - fantasy_football_manager.app - INFO - main:143 - Command 'list-free-agents' completed successfully
2025-09-20 09:56:26 - fantasy_football_manager.app - INFO - main:83 - Fantasy Football Manager starting up
2025-09-20 09:58:19 - fantasy_football_manager.app - INFO - main:84 - Fantasy Football Manager starting up
2025-09-20 09:58:19 - fantasy_football_manager.app - INFO - main:138 - Executing command: list-free-agents
2025-09-20 09:58:24 - fantasy_football_manager.app - INFO - main:143 - Command 'list-free-agents' completed successfully
2025-09-20 09:58:28 - fantasy_football_manager.app - INFO - main:84 - Fantasy Football Manager starting up
2025-09-20 09:58:28 - fantasy_football_manager.app - INFO - main:138 - Executing command: list-free-agents
2025-09-20 09:58:32 - fantasy_football_manager.app - INFO - main:143 - Command 'list-free-agents' completed successfully
2025-09-20 09:58:36 - fantasy_football_manager.app - INFO - main:84 - Fantasy Football Manager starting up
2025-09-20 09:58:39 - fantasy_football_manager.app - INFO - main:84 - Fantasy Football Manager starting up
2025-09-20 09:58:39 - fantasy_football_manager.app - INFO - main:138 - Executing command: list-free-agents
2025-09-20 09:58:44 - fantasy_football_manager.app - INFO - main:143 - Command 'list-free-agents' completed successfully
2025-09-20 10:06:02 - fantasy_football_manager.app - INFO - main:84 - Fantasy Football Manager starting up
2025-09-20 10:06:02 - fantasy_football_manager.app - INFO - main:138 - Executing command: list-free-agents
2025-09-20 10:06:06 - fantasy_football_manager.app - INFO - main:143 - Command 'list-free-agents' completed successfully
2025-09-20 10:06:20 - fantasy_football_manager.app - INFO - main:84 - Fantasy Football Manager starting up
2025-09-20 10:06:20 - fantasy_football_manager.app - INFO - main:138 - Executing command: list-free-agents
2025-09-20 10:06:24 - fantasy_football_manager.app - INFO - main:143 - Command 'list-free-agents' completed successfully
